[debug] [2023-11-09T07:48:06.788Z] ----------------------------------------------------------------------
[debug] [2023-11-09T07:48:06.790Z] Command:       /home/rahulsuvarna18/.nvm/versions/node/v16.15.1/bin/node /home/rahulsuvarna18/.nvm/versions/node/v16.15.1/bin/firebase init
[debug] [2023-11-09T07:48:06.790Z] CLI Version:   12.8.1
[debug] [2023-11-09T07:48:06.791Z] Platform:      linux
[debug] [2023-11-09T07:48:06.791Z] Node Version:  v16.15.1
[debug] [2023-11-09T07:48:06.791Z] Time:          Thu Nov 09 2023 08:48:06 GMT+0100 (Central European Standard Time)
[debug] [2023-11-09T07:48:06.791Z] ----------------------------------------------------------------------
[debug] 
[debug] [2023-11-09T07:48:06.795Z] > command requires scopes: ["email","openid","https://www.googleapis.com/auth/cloudplatformprojects.readonly","https://www.googleapis.com/auth/firebase","https://www.googleapis.com/auth/cloud-platform"]
[debug] [2023-11-09T07:48:06.795Z] > authorizing via signed-in user (rahulsuvarna18@gmail.com)
[info] 
     ######## #### ########  ######## ########     ###     ######  ########
     ##        ##  ##     ## ##       ##     ##  ##   ##  ##       ##
     ######    ##  ########  ######   ########  #########  ######  ######
     ##        ##  ##    ##  ##       ##     ## ##     ##       ## ##
     ##       #### ##     ## ######## ########  ##     ##  ######  ########

You're about to initialize a Firebase project in this directory:

  /home/rahulsuvarna18/code/rahulsuvarna18/vue-course/coach-finder

[info] 
=== Project Setup
[info] 
[info] First, let's associate this project directory with a Firebase project.
[info] You can create multiple project aliases by running firebase use --add, 
[info] but for now we'll just set up a default project.
[info] 
[debug] [2023-11-09T07:49:27.962Z] >>> [apiv2][query] GET https://firebase.googleapis.com/v1beta1/projects pageSize=100
[debug] [2023-11-09T07:49:28.431Z] <<< [apiv2][status] GET https://firebase.googleapis.com/v1beta1/projects 200
[debug] [2023-11-09T07:49:28.432Z] <<< [apiv2][body] GET https://firebase.googleapis.com/v1beta1/projects [omitted]
[info] i  Using project coach-finder-73a58 (coach-finder) 
[info] 
=== Hosting Setup
[info] 
[info] Your public directory is the folder (relative to your project directory) that
[info] will contain Hosting assets to be uploaded with firebase deploy. If you
[info] have a build process for your assets, use your build's output directory.
[info] 
[debug] [2023-11-09T07:52:26.968Z] >>> [apiv2][query] GET https://www.gstatic.com/firebasejs/releases.json [none]
[debug] [2023-11-09T07:52:27.058Z] <<< [apiv2][status] GET https://www.gstatic.com/firebasejs/releases.json 200
[debug] [2023-11-09T07:52:27.058Z] <<< [apiv2][body] GET https://www.gstatic.com/firebasejs/releases.json {"current":{"version":"10.5.2","browserURL":"https://www.gstatic.com/firebasejs/10.5.2/firebase.js","packageURL":"https://www.gstatic.com/firebasejs/10.5.2/firebase.tgz"},"live":{"version":"10.5","browserURL":"https://www.gstatic.com/firebasejs/live/10.5/firebase.js","packageURL":"https://www.gstatic.com/firebasejs/live/10.5/firebase.tgz"},"components":{"analytics":"https://www.gstatic.com/firebasejs/10.5.2/firebase-analytics.js","app":"https://www.gstatic.com/firebasejs/10.5.2/firebase-app.js","app-check":"https://www.gstatic.com/firebasejs/10.5.2/firebase-app-check.js","auth":"https://www.gstatic.com/firebasejs/10.5.2/firebase-auth.js","auth/cordova":"https://www.gstatic.com/firebasejs/10.5.2/firebase-auth/cordova.js","functions":"https://www.gstatic.com/firebasejs/10.5.2/firebase-functions.js","firestore":"https://www.gstatic.com/firebasejs/10.5.2/firebase-firestore.js","firestore/lite":"https://www.gstatic.com/firebasejs/10.5.2/firebase-firestore/lite.js","installations":"https://www.gstatic.com/firebasejs/10.5.2/firebase-installations.js","storage":"https://www.gstatic.com/firebasejs/10.5.2/firebase-storage.js","performance":"https://www.gstatic.com/firebasejs/10.5.2/firebase-performance.js","remote-config":"https://www.gstatic.com/firebasejs/10.5.2/firebase-remote-config.js","messaging":"https://www.gstatic.com/firebasejs/10.5.2/firebase-messaging.js","messaging/sw":"https://www.gstatic.com/firebasejs/10.5.2/firebase-messaging/sw.js","database":"https://www.gstatic.com/firebasejs/10.5.2/firebase-database.js","firestore.memory":"https://www.gstatic.com/firebasejs/10.5.2/firebase-firestore.memory.js"}}
[info] i  Skipping write of dist/index.html 
[info] 
[info] i  Detected a .git folder at /home/rahulsuvarna18/code/rahulsuvarna18/vue-course/coach-finder 
[info] i  Authorizing with GitHub to upload your service account to a GitHub repository's secrets store. 
[info] 
[info] Visit this URL on this device to log in:
[info] https://github.com/login/oauth/authorize?client_id=89cf50f02ac6aaed3484&state=458117513&redirect_uri=http%3A%2F%2Flocalhost%3A9005&scope=read%3Auser%20repo%20public_repo
[info] 
[info] Waiting for authentication...
[debug] [2023-11-09T07:52:47.829Z] >>> [apiv2][query] POST https://github.com/login/oauth/access_token [none]
[debug] [2023-11-09T07:52:47.830Z] >>> [apiv2][body] POST https://github.com/login/oauth/access_token [stream]
[debug] [2023-11-09T07:52:48.127Z] <<< [apiv2][status] POST https://github.com/login/oauth/access_token 200
[debug] [2023-11-09T07:52:48.127Z] <<< [apiv2][body] POST https://github.com/login/oauth/access_token {"access_token":"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","token_type":"bearer","scope":"read:user,repo"}
[debug] [2023-11-09T07:52:48.130Z] >>> [apiv2][query] GET https://api.github.com/user [none]
[debug] [2023-11-09T07:52:48.419Z] <<< [apiv2][status] GET https://api.github.com/user 200
[debug] [2023-11-09T07:52:48.419Z] <<< [apiv2][body] GET https://api.github.com/user {"login":"rahulsuvarna18","id":51310328,"node_id":"MDQ6VXNlcjUxMzEwMzI4","avatar_url":"https://avatars.githubusercontent.com/u/51310328?v=4","gravatar_id":"","url":"https://api.github.com/users/rahulsuvarna18","html_url":"https://github.com/rahulsuvarna18","followers_url":"https://api.github.com/users/rahulsuvarna18/followers","following_url":"https://api.github.com/users/rahulsuvarna18/following{/other_user}","gists_url":"https://api.github.com/users/rahulsuvarna18/gists{/gist_id}","starred_url":"https://api.github.com/users/rahulsuvarna18/starred{/owner}{/repo}","subscriptions_url":"https://api.github.com/users/rahulsuvarna18/subscriptions","organizations_url":"https://api.github.com/users/rahulsuvarna18/orgs","repos_url":"https://api.github.com/users/rahulsuvarna18/repos","events_url":"https://api.github.com/users/rahulsuvarna18/events{/privacy}","received_events_url":"https://api.github.com/users/rahulsuvarna18/received_events","type":"User","site_admin":false,"name":null,"company":null,"blog":"","location":null,"email":null,"hireable":null,"bio":null,"twitter_username":null,"public_repos":11,"public_gists":1,"followers":4,"following":7,"created_at":"2019-06-03T05:07:43Z","updated_at":"2023-10-20T16:14:26Z","private_gists":0,"total_private_repos":15,"owned_private_repos":13,"disk_usage":109166,"collaborators":1,"two_factor_authentication":false,"plan":{"name":"free","space":976562499,"collaborators":0,"private_repos":10000}}
[info] 
[info] ✔  Success! Logged into GitHub as rahulsuvarna18 
[info] 
[debug] [2023-11-09T07:53:03.611Z] >>> [apiv2][query] GET https://api.github.com/repos//actions/secrets/public-key type=owner
[debug] [2023-11-09T07:53:03.804Z] <<< [apiv2][status] GET https://api.github.com/repos//actions/secrets/public-key 404
[debug] [2023-11-09T07:53:03.804Z] <<< [apiv2][body] GET https://api.github.com/repos//actions/secrets/public-key {"message":"Not Found","documentation_url":"https://docs.github.com/rest"}
[info] 
[info] 
[error] ⚠  The provided authorization cannot be used with this repository. If this repository is in an organization, did you remember to grant access? 
[info] 
[info] i  Action required: Visit this URL to ensure access has been granted to the appropriate organization(s) for the Firebase CLI GitHub OAuth App: 
[info] https://github.com/settings/connections/applications/89cf50f02ac6aaed3484
[info] 
[debug] [2023-11-09T07:53:06.851Z] >>> [apiv2][query] GET https://api.github.com/repos/n/actions/secrets/public-key type=owner
[debug] [2023-11-09T07:53:07.059Z] <<< [apiv2][status] GET https://api.github.com/repos/n/actions/secrets/public-key 404
[debug] [2023-11-09T07:53:07.059Z] <<< [apiv2][body] GET https://api.github.com/repos/n/actions/secrets/public-key {"message":"Not Found","documentation_url":"https://docs.github.com/rest"}
[info] 
[info] 
[error] ⚠  The provided authorization cannot be used with this repository. If this repository is in an organization, did you remember to grant access? 
[info] 
[info] i  Action required: Visit this URL to ensure access has been granted to the appropriate organization(s) for the Firebase CLI GitHub OAuth App: 
[info] https://github.com/settings/connections/applications/89cf50f02ac6aaed3484
[info] 
